<?xml version="1.0" encoding="UTF-8"?>
<!-- Generated by org.testng.reporters.JUnitReportReporter -->
<testsuite skipped="0" hostname="DESKTOP-LD2LT4V" name="org.mma.mercury.tours.regression.suite.MercuryToursRegressionSuite" tests="8" failures="0" timestamp="2023-03-04T11:41:37 EST" time="147.506" errors="0">
  <testcase name="userLogin" time="2.039" classname="org.mma.mercury.tours.regression.suite.MercuryToursRegressionSuite"/>
  <system-out/>
  <testcase name="userLogin" time="12.141" classname="org.mma.mercury.tours.regression.suite.MercuryToursRegressionSuite"/>
  <system-out/>
  <testcase name="userLogin" time="2.027" classname="org.mma.mercury.tours.regression.suite.MercuryToursRegressionSuite"/>
  <system-out/>
  <testcase name="userLogin" time="2.025" classname="org.mma.mercury.tours.regression.suite.MercuryToursRegressionSuite"/>
  <system-out/>
  <testcase name="userRegistration" time="31.957" classname="org.mma.mercury.tours.regression.suite.MercuryToursRegressionSuite"/>
  <system-out/>
  <testcase name="userRegistration" time="32.887" classname="org.mma.mercury.tours.regression.suite.MercuryToursRegressionSuite"/>
  <system-out/>
  <testcase name="userRegistration" time="32.188" classname="org.mma.mercury.tours.regression.suite.MercuryToursRegressionSuite"/>
  <system-out/>
  <testcase name="userRegistration" time="32.242" classname="org.mma.mercury.tours.regression.suite.MercuryToursRegressionSuite"/>
  <system-out/>
</testsuite> <!-- org.mma.mercury.tours.regression.suite.MercuryToursRegressionSuite -->
