<?xml version="1.0" encoding="UTF-8"?>
<!-- Generated by org.testng.reporters.JUnitReportReporter -->
<testsuite skipped="0" hostname="DESKTOP-LD2LT4V" name="org.mma.mercury.tours.regression.suite.MercuryToursRegressionSuite" tests="1" failures="0" timestamp="2023-02-25T11:52:04 EST" time="37.020" errors="0">
  <testcase name="userRegistration" time="37.020" classname="org.mma.mercury.tours.regression.suite.MercuryToursRegressionSuite"/>
  <system-out/>
</testsuite> <!-- org.mma.mercury.tours.regression.suite.MercuryToursRegressionSuite -->
